<?xml version="1.0" encoding="UTF-8"?>
<!-- Generated by org.testng.reporters.JUnitReportReporter -->
<testsuite skipped="0" hostname="prathap" name="Test.Home" tests="1" failures="0" timestamp="10 Apr 2018 21:09:56 GMT" time="0.982" errors="0">
  <testcase name="signIN" time="0.982" classname="Test.Home"/>
</testsuite> <!-- Test.Home -->
