<?xml version="1.0" encoding="UTF-8"?>
<!-- Generated by org.testng.reporters.JUnitReportReporter -->
<testsuite skipped="0" hostname="prathap" name="PageObjects.HomePage" tests="1" failures="0" timestamp="16 Mar 2018 02:44:01 GMT" time="9.181" errors="0">
  <testcase name="f" time="9.181" classname="PageObjects.HomePage"/>
</testsuite> <!-- PageObjects.HomePage -->
