<?xml version="1.0" encoding="UTF-8"?>
<!-- Generated by org.testng.reporters.JUnitReportReporter -->
<testsuite skipped="0" hostname="prathap" name="Test.Home" tests="1" failures="0" timestamp="04 Apr 2018 02:03:44 GMT" time="5.059" errors="0">
  <testcase name="signIN" time="5.059" classname="Test.Home"/>
</testsuite> <!-- Test.Home -->
