<?xml version="1.0" encoding="UTF-8"?>
<!-- Generated by org.testng.reporters.JUnitReportReporter -->
<testsuite skipped="0" hostname="prathap" name="Base.MainClass" tests="1" failures="0" timestamp="27 Mar 2018 15:38:17 GMT" time="69.792" errors="0">
  <testcase name="callTestsuit" time="69.792" classname="Base.MainClass"/>
</testsuite> <!-- Base.MainClass -->
