<?xml version="1.0" encoding="UTF-8"?>
<!-- Generated by org.testng.reporters.JUnitReportReporter -->
<testsuite skipped="0" hostname="prathap" name="Test.UserLogin" tests="5" failures="0" timestamp="10 Apr 2018 21:09:56 GMT" time="5.391" errors="0">
  <testcase name="getupd" time="0.694" classname="Test.UserLogin"/>
  <testcase name="userName" time="0.048" classname="Test.UserLogin"/>
  <testcase name="userNameData" time="1.325" classname="Test.UserLogin"/>
  <testcase name="passWord" time="0.078" classname="Test.UserLogin"/>
  <testcase name="passWordData" time="3.246" classname="Test.UserLogin"/>
</testsuite> <!-- Test.UserLogin -->
