<?xml version="1.0" encoding="UTF-8"?>
<!-- Generated by org.testng.reporters.JUnitReportReporter -->
<testsuite skipped="1" hostname="prathap" name="Test.ProductSearch" tests="5" failures="0" timestamp="04 Apr 2018 02:03:44 GMT" time="28.912" errors="0">
  <testcase name="searchProduct" time="20.755" classname="Test.ProductSearch"/>
  <testcase name="primeCCheck" time="0.397" classname="Test.ProductSearch"/>
  <testcase name="deliveryCheck" time="3.052" classname="Test.ProductSearch"/>
  <testcase name="minMaxClick" time="4.708" classname="Test.ProductSearch"/>
  <testcase name="searchButton" classname="Test.ProductSearch">
    <skipped/>
  </testcase> <!-- searchButton -->
</testsuite> <!-- Test.ProductSearch -->
