<?xml version="1.0" encoding="UTF-8"?>
<!-- Generated by org.testng.reporters.JUnitReportReporter -->
<testsuite skipped="0" hostname="prathap" name="Base.NewTest" tests="1" failures="0" timestamp="15 Mar 2018 02:46:21 GMT" time="0.015" errors="0">
  <testcase name="f" time="0.015" classname="Base.NewTest"/>
</testsuite> <!-- Base.NewTest -->
