<?xml version="1.0" encoding="UTF-8"?>
<!-- Generated by org.testng.reporters.JUnitReportReporter -->
<testsuite skipped="1" hostname="prathap" name="Test.ProductSearch" tests="5" failures="0" timestamp="10 Apr 2018 21:09:56 GMT" time="10.242" errors="0">
  <testcase name="searchProduct" time="3.313" classname="Test.ProductSearch"/>
  <testcase name="primeCCheck" time="0.332" classname="Test.ProductSearch"/>
  <testcase name="deliveryCheck" time="2.077" classname="Test.ProductSearch"/>
  <testcase name="minMaxClick" time="4.520" classname="Test.ProductSearch"/>
  <testcase name="searchButton" classname="Test.ProductSearch">
    <skipped/>
  </testcase> <!-- searchButton -->
</testsuite> <!-- Test.ProductSearch -->
