<?xml version="1.0" encoding="UTF-8"?>
<!-- Generated by org.testng.reporters.JUnitReportReporter -->
<testsuite skipped="0" hostname="prathap" name="Test.Login" tests="1" failures="0" timestamp="18 Mar 2018 02:35:18 GMT" time="0.990" errors="0">
  <testcase name="signIN" time="0.990" classname="Test.Login"/>
</testsuite> <!-- Test.Login -->
