<?xml version="1.0" encoding="UTF-8"?>
<!-- Generated by org.testng.reporters.JUnitReportReporter -->
<testsuite skipped="0" hostname="prathap" name="Test.UserLogin" tests="5" failures="0" timestamp="04 Apr 2018 02:03:44 GMT" time="32.794" errors="0">
  <testcase name="getupd" time="0.628" classname="Test.UserLogin"/>
  <testcase name="userName" time="0.052" classname="Test.UserLogin"/>
  <testcase name="userNameData" time="2.590" classname="Test.UserLogin"/>
  <testcase name="passWord" time="0.104" classname="Test.UserLogin"/>
  <testcase name="passWordData" time="29.420" classname="Test.UserLogin"/>
</testsuite> <!-- Test.UserLogin -->
